# Logfile created on Sun Nov 23 02:08:49 -0500 2008 by /
WARNING: You're using the Ruby-based MySQL library that ships with Rails. This library is not suited for production. Please install the C-based MySQL library instead (gem install mysql).
  [4;36;1mSQL (0.000134)[0m   [0;1mSET SQL_AUTO_IS_NULL=0[0m
  [4;35;1mSQL (0.000110)[0m   [0mBEGIN[0m
  [4;36;1mSQL (0.021976)[0m   [0;1mROLLBACK[0m
  [4;35;1mSQL (0.000168)[0m   [0mBEGIN[0m
  [4;36;1mSQL (0.000126)[0m   [0;1mROLLBACK[0m
  [4;35;1mSQL (0.000133)[0m   [0mBEGIN[0m
  [4;36;1mSQL (0.000097)[0m   [0;1mROLLBACK[0m
  [4;35;1mSQL (0.000112)[0m   [0mBEGIN[0m
  [4;36;1mSQL (0.000096)[0m   [0;1mROLLBACK[0m
  [4;35;1mSQL (0.000091)[0m   [0mBEGIN[0m
  [4;36;1mSQL (0.000100)[0m   [0;1mROLLBACK[0m
  [4;35;1mSQL (0.000091)[0m   [0mBEGIN[0m
  [4;36;1mSQL (0.000092)[0m   [0;1mROLLBACK[0m
  [4;35;1mSQL (0.000092)[0m   [0mBEGIN[0m
  [4;36;1mSQL (0.000102)[0m   [0;1mROLLBACK[0m
  [4;35;1mSQL (0.000120)[0m   [0mBEGIN[0m
  [4;36;1mSQL (0.000094)[0m   [0;1mROLLBACK[0m
  [4;35;1mSQL (0.000118)[0m   [0mBEGIN[0m
  [4;36;1mSQL (0.000098)[0m   [0;1mROLLBACK[0m
WARNING: You're using the Ruby-based MySQL library that ships with Rails. This library is not suited for production. Please install the C-based MySQL library instead (gem install mysql).
  [4;36;1mSQL (0.000147)[0m   [0;1mSET SQL_AUTO_IS_NULL=0[0m
  [4;35;1mSQL (0.000076)[0m   [0mBEGIN[0m
  [4;36;1mSQL (0.000217)[0m   [0;1mROLLBACK[0m
  [4;35;1mSQL (0.000404)[0m   [0mBEGIN[0m
  [4;36;1mSQL (0.000163)[0m   [0;1mROLLBACK[0m
  [4;35;1mSQL (0.000145)[0m   [0mBEGIN[0m
  [4;36;1mSQL (0.000137)[0m   [0;1mROLLBACK[0m
  [4;35;1mSQL (0.000259)[0m   [0mBEGIN[0m
  [4;36;1mSQL (0.000144)[0m   [0;1mROLLBACK[0m
  [4;35;1mSQL (0.000113)[0m   [0mBEGIN[0m
  [4;36;1mSQL (0.000242)[0m   [0;1mROLLBACK[0m
  [4;35;1mSQL (0.000312)[0m   [0mBEGIN[0m
  [4;36;1mSQL (0.000133)[0m   [0;1mROLLBACK[0m
  [4;35;1mSQL (0.000251)[0m   [0mBEGIN[0m
  [4;36;1mSQL (0.000125)[0m   [0;1mROLLBACK[0m
  [4;35;1mSQL (0.000190)[0m   [0mBEGIN[0m
  [4;36;1mSQL (0.000151)[0m   [0;1mROLLBACK[0m
  [4;35;1mSQL (0.000099)[0m   [0mBEGIN[0m
  [4;36;1mSQL (0.000149)[0m   [0;1mROLLBACK[0m
  [4;35;1mSQL (0.000294)[0m   [0mBEGIN[0m
  [4;36;1mSQL (0.000192)[0m   [0;1mROLLBACK[0m
  [4;35;1mSQL (0.000148)[0m   [0mBEGIN[0m
  [4;36;1mSQL (0.000112)[0m   [0;1mROLLBACK[0m
WARNING: You're using the Ruby-based MySQL library that ships with Rails. This library is not suited for production. Please install the C-based MySQL library instead (gem install mysql).
  [4;36;1mSQL (0.000121)[0m   [0;1mSET SQL_AUTO_IS_NULL=0[0m
  [4;35;1mSQL (0.000092)[0m   [0mBEGIN[0m
  [4;36;1mSQL (0.000143)[0m   [0;1mROLLBACK[0m
  [4;35;1mSQL (0.000364)[0m   [0mBEGIN[0m
  [4;36;1mSQL (0.000188)[0m   [0;1mROLLBACK[0m
  [4;35;1mSQL (0.000201)[0m   [0mBEGIN[0m
  [4;36;1mSQL (0.000124)[0m   [0;1mROLLBACK[0m
  [4;35;1mSQL (0.000171)[0m   [0mBEGIN[0m
  [4;36;1mSQL (0.000222)[0m   [0;1mROLLBACK[0m
  [4;35;1mSQL (0.000548)[0m   [0mBEGIN[0m
  [4;36;1mSQL (0.000218)[0m   [0;1mROLLBACK[0m
  [4;35;1mSQL (0.000208)[0m   [0mBEGIN[0m
  [4;36;1mSQL (0.000294)[0m   [0;1mROLLBACK[0m
  [4;35;1mSQL (0.000295)[0m   [0mBEGIN[0m
  [4;36;1mSQL (0.000148)[0m   [0;1mROLLBACK[0m
  [4;35;1mSQL (0.000184)[0m   [0mBEGIN[0m
  [4;36;1mSQL (0.000133)[0m   [0;1mROLLBACK[0m
  [4;35;1mSQL (0.000186)[0m   [0mBEGIN[0m
  [4;36;1mSQL (0.000859)[0m   [0;1mROLLBACK[0m
  [4;35;1mSQL (0.000783)[0m   [0mBEGIN[0m
  [4;36;1mSQL (0.000178)[0m   [0;1mROLLBACK[0m
  [4;35;1mSQL (0.000111)[0m   [0mBEGIN[0m
  [4;36;1mSQL (0.000114)[0m   [0;1mROLLBACK[0m
WARNING: You're using the Ruby-based MySQL library that ships with Rails. This library is not suited for production. Please install the C-based MySQL library instead (gem install mysql).
  [4;36;1mSQL (0.000179)[0m   [0;1mSET SQL_AUTO_IS_NULL=0[0m
  [4;35;1mSQL (0.000095)[0m   [0mBEGIN[0m
  [4;36;1mSQL (0.000159)[0m   [0;1mROLLBACK[0m
  [4;35;1mSQL (0.000499)[0m   [0mBEGIN[0m
  [4;36;1mSQL (0.000342)[0m   [0;1mROLLBACK[0m
  [4;35;1mSQL (0.000152)[0m   [0mBEGIN[0m
  [4;36;1mSQL (0.000144)[0m   [0;1mROLLBACK[0m
  [4;35;1mSQL (0.000177)[0m   [0mBEGIN[0m
  [4;36;1mSQL (0.000263)[0m   [0;1mROLLBACK[0m
  [4;35;1mSQL (0.000121)[0m   [0mBEGIN[0m
  [4;36;1mSQL (0.000118)[0m   [0;1mROLLBACK[0m
  [4;35;1mSQL (0.000538)[0m   [0mBEGIN[0m
  [4;36;1mSQL (0.000242)[0m   [0;1mROLLBACK[0m
  [4;35;1mSQL (0.000172)[0m   [0mBEGIN[0m
  [4;36;1mSQL (0.000118)[0m   [0;1mROLLBACK[0m
  [4;35;1mSQL (0.000164)[0m   [0mBEGIN[0m
  [4;36;1mSQL (0.000291)[0m   [0;1mROLLBACK[0m
  [4;35;1mSQL (0.000117)[0m   [0mBEGIN[0m
  [4;36;1mSQL (0.001023)[0m   [0;1mROLLBACK[0m
  [4;35;1mSQL (0.000747)[0m   [0mBEGIN[0m
  [4;36;1mSQL (0.000186)[0m   [0;1mROLLBACK[0m
  [4;35;1mSQL (0.000119)[0m   [0mBEGIN[0m
  [4;36;1mSQL (0.000140)[0m   [0;1mROLLBACK[0m
WARNING: You're using the Ruby-based MySQL library that ships with Rails. This library is not suited for production. Please install the C-based MySQL library instead (gem install mysql).
  [4;36;1mSQL (0.000161)[0m   [0;1mSET SQL_AUTO_IS_NULL=0[0m
  [4;35;1mSQL (0.000091)[0m   [0mBEGIN[0m
  [4;36;1mSQL (0.000156)[0m   [0;1mROLLBACK[0m
  [4;35;1mSQL (0.000372)[0m   [0mBEGIN[0m
  [4;36;1mSQL (0.000296)[0m   [0;1mROLLBACK[0m
  [4;35;1mSQL (0.000196)[0m   [0mBEGIN[0m
  [4;36;1mSQL (0.000125)[0m   [0;1mROLLBACK[0m
  [4;35;1mSQL (0.000172)[0m   [0mBEGIN[0m
  [4;36;1mSQL (0.000153)[0m   [0;1mROLLBACK[0m
  [4;35;1mSQL (0.000123)[0m   [0mBEGIN[0m
  [4;36;1mSQL (0.000106)[0m   [0;1mROLLBACK[0m
  [4;35;1mSQL (0.000983)[0m   [0mBEGIN[0m
  [4;36;1mSQL (0.000228)[0m   [0;1mROLLBACK[0m
  [4;35;1mSQL (0.000223)[0m   [0mBEGIN[0m
  [4;36;1mSQL (0.000195)[0m   [0;1mROLLBACK[0m
  [4;35;1mSQL (0.000155)[0m   [0mBEGIN[0m
  [4;36;1mSQL (0.000115)[0m   [0;1mROLLBACK[0m
  [4;35;1mSQL (0.000129)[0m   [0mBEGIN[0m
  [4;36;1mSQL (0.000124)[0m   [0;1mROLLBACK[0m
  [4;35;1mSQL (0.000241)[0m   [0mBEGIN[0m
  [4;36;1mSQL (0.000150)[0m   [0;1mROLLBACK[0m
  [4;35;1mSQL (0.000102)[0m   [0mBEGIN[0m
  [4;36;1mSQL (0.000108)[0m   [0;1mROLLBACK[0m
WARNING: You're using the Ruby-based MySQL library that ships with Rails. This library is not suited for production. Please install the C-based MySQL library instead (gem install mysql).
  [4;36;1mSQL (0.000127)[0m   [0;1mSET SQL_AUTO_IS_NULL=0[0m
  [4;35;1mSQL (0.000091)[0m   [0mBEGIN[0m
  [4;36;1mSQL (0.000152)[0m   [0;1mROLLBACK[0m
  [4;35;1mSQL (0.000298)[0m   [0mBEGIN[0m
  [4;36;1mSQL (0.000190)[0m   [0;1mROLLBACK[0m
  [4;35;1mSQL (0.000233)[0m   [0mBEGIN[0m
  [4;36;1mSQL (0.000123)[0m   [0;1mROLLBACK[0m
  [4;35;1mSQL (0.000159)[0m   [0mBEGIN[0m
  [4;36;1mSQL (0.000143)[0m   [0;1mROLLBACK[0m
  [4;35;1mSQL (0.000111)[0m   [0mBEGIN[0m
  [4;36;1mSQL (0.000225)[0m   [0;1mROLLBACK[0m
  [4;35;1mSQL (0.000161)[0m   [0mBEGIN[0m
  [4;36;1mSQL (0.001130)[0m   [0;1mROLLBACK[0m
  [4;35;1mSQL (0.000139)[0m   [0mBEGIN[0m
  [4;36;1mSQL (0.000385)[0m   [0;1mROLLBACK[0m
  [4;35;1mSQL (0.000156)[0m   [0mBEGIN[0m
  [4;36;1mSQL (0.000186)[0m   [0;1mROLLBACK[0m
  [4;35;1mSQL (0.000122)[0m   [0mBEGIN[0m
  [4;36;1mSQL (0.000258)[0m   [0;1mROLLBACK[0m
  [4;35;1mSQL (0.000724)[0m   [0mBEGIN[0m
  [4;36;1mSQL (0.000164)[0m   [0;1mROLLBACK[0m
  [4;35;1mSQL (0.000133)[0m   [0mBEGIN[0m
  [4;36;1mSQL (0.000128)[0m   [0;1mROLLBACK[0m
WARNING: You're using the Ruby-based MySQL library that ships with Rails. This library is not suited for production. Please install the C-based MySQL library instead (gem install mysql).
  [4;36;1mSQL (0.000163)[0m   [0;1mSET SQL_AUTO_IS_NULL=0[0m
  [4;35;1mSQL (0.000091)[0m   [0mBEGIN[0m
  [4;36;1mSQL (0.000157)[0m   [0;1mROLLBACK[0m
  [4;35;1mSQL (0.000287)[0m   [0mBEGIN[0m
  [4;36;1mSQL (0.000260)[0m   [0;1mROLLBACK[0m
  [4;35;1mSQL (0.000199)[0m   [0mBEGIN[0m
  [4;36;1mSQL (0.000128)[0m   [0;1mROLLBACK[0m
  [4;35;1mSQL (0.000157)[0m   [0mBEGIN[0m
  [4;36;1mSQL (0.000149)[0m   [0;1mROLLBACK[0m
  [4;35;1mSQL (0.000286)[0m   [0mBEGIN[0m
  [4;36;1mSQL (0.000297)[0m   [0;1mROLLBACK[0m
  [4;35;1mSQL (0.000154)[0m   [0mBEGIN[0m
  [4;36;1mSQL (0.000138)[0m   [0;1mROLLBACK[0m
  [4;35;1mSQL (0.000167)[0m   [0mBEGIN[0m
  [4;36;1mSQL (0.000280)[0m   [0;1mROLLBACK[0m
  [4;35;1mSQL (0.000144)[0m   [0mBEGIN[0m
  [4;36;1mSQL (0.000155)[0m   [0;1mROLLBACK[0m
  [4;35;1mSQL (0.000124)[0m   [0mBEGIN[0m
  [4;36;1mSQL (0.000138)[0m   [0;1mROLLBACK[0m
  [4;35;1mSQL (0.000712)[0m   [0mBEGIN[0m
  [4;36;1mSQL (0.000148)[0m   [0;1mROLLBACK[0m
  [4;35;1mSQL (0.000159)[0m   [0mBEGIN[0m
  [4;36;1mSQL (0.000122)[0m   [0;1mROLLBACK[0m
WARNING: You're using the Ruby-based MySQL library that ships with Rails. This library is not suited for production. Please install the C-based MySQL library instead (gem install mysql).
  [4;36;1mSQL (0.000162)[0m   [0;1mSET SQL_AUTO_IS_NULL=0[0m
  [4;35;1mSQL (0.000092)[0m   [0mBEGIN[0m
  [4;36;1mSQL (0.000139)[0m   [0;1mROLLBACK[0m
  [4;35;1mSQL (0.000325)[0m   [0mBEGIN[0m
  [4;36;1mSQL (0.000140)[0m   [0;1mROLLBACK[0m
  [4;35;1mSQL (0.000168)[0m   [0mBEGIN[0m
  [4;36;1mSQL (0.000129)[0m   [0;1mROLLBACK[0m
  [4;35;1mSQL (0.000158)[0m   [0mBEGIN[0m
  [4;36;1mSQL (0.000178)[0m   [0;1mROLLBACK[0m
  [4;35;1mSQL (0.000298)[0m   [0mBEGIN[0m
  [4;36;1mSQL (0.000129)[0m   [0;1mROLLBACK[0m
  [4;35;1mSQL (0.000192)[0m   [0mBEGIN[0m
  [4;36;1mSQL (0.000140)[0m   [0;1mROLLBACK[0m
  [4;35;1mSQL (0.000210)[0m   [0mBEGIN[0m
  [4;36;1mSQL (0.000831)[0m   [0;1mROLLBACK[0m
  [4;35;1mSQL (0.000153)[0m   [0mBEGIN[0m
  [4;36;1mSQL (0.000924)[0m   [0;1mROLLBACK[0m
  [4;35;1mSQL (0.000099)[0m   [0mBEGIN[0m
  [4;36;1mSQL (0.001332)[0m   [0;1mROLLBACK[0m
  [4;35;1mSQL (0.000174)[0m   [0mBEGIN[0m
  [4;36;1mSQL (0.000336)[0m   [0;1mROLLBACK[0m
  [4;35;1mSQL (0.000098)[0m   [0mBEGIN[0m
  [4;36;1mSQL (0.000114)[0m   [0;1mROLLBACK[0m
